<?xml version="1.0" encoding="UTF-8"?>
<!-- Generated by org.testng.reporters.JUnitReportReporter -->
<testsuite skipped="0" hostname="QAPPS02" name="Parameterization_in_TestNG_Using_DataProviders.Demo_DataProviders" tests="3" failures="0" timestamp="04 Sep 2019 07:21:00 GMT" time="35.725" errors="0">
  <testcase name="Test1" time="7.426" classname="Parameterization_in_TestNG_Using_DataProviders.Demo_DataProviders"/>
  <testcase name="Test1" time="20.465" classname="Parameterization_in_TestNG_Using_DataProviders.Demo_DataProviders"/>
  <testcase name="Test1" time="7.834" classname="Parameterization_in_TestNG_Using_DataProviders.Demo_DataProviders"/>
</testsuite> <!-- Parameterization_in_TestNG_Using_DataProviders.Demo_DataProviders -->
