<?xml version="1.0" encoding="UTF-8"?>
<!-- Generated by org.testng.reporters.JUnitReportReporter -->
<testsuite skipped="0" hostname="QAPPS02" name="invoke_DataProvider_from_different_class.Parameterization_with_DataproviderWithClassLevel" tests="3" failures="0" timestamp="04 Sep 2019 08:59:09 GMT" time="16.077" errors="0">
  <testcase name="Test1" time="7.447" classname="invoke_DataProvider_from_different_class.Parameterization_with_DataproviderWithClassLevel"/>
  <testcase name="Test1" time="5.055" classname="invoke_DataProvider_from_different_class.Parameterization_with_DataproviderWithClassLevel"/>
  <testcase name="Test1" time="3.575" classname="invoke_DataProvider_from_different_class.Parameterization_with_DataproviderWithClassLevel"/>
</testsuite> <!-- invoke_DataProvider_from_different_class.Parameterization_with_DataproviderWithClassLevel -->
