<?xml version="1.0" encoding="UTF-8"?>
<!-- Generated by org.testng.reporters.JUnitReportReporter -->
<testsuite skipped="0" hostname="QAPPS02" name="method_parameter_in_data_provider.ParameterByMethodInDataprovider" tests="6" failures="0" timestamp="04 Sep 2019 09:16:01 GMT" time="30.419" errors="0">
  <testcase name="Test1" time="11.255" classname="method_parameter_in_data_provider.ParameterByMethodInDataprovider"/>
  <testcase name="Test1" time="4.029" classname="method_parameter_in_data_provider.ParameterByMethodInDataprovider"/>
  <testcase name="Test2" time="3.622" classname="method_parameter_in_data_provider.ParameterByMethodInDataprovider"/>
  <testcase name="Test2" time="3.804" classname="method_parameter_in_data_provider.ParameterByMethodInDataprovider"/>
  <testcase name="Test2" time="3.838" classname="method_parameter_in_data_provider.ParameterByMethodInDataprovider"/>
  <testcase name="Test1" time="3.871" classname="method_parameter_in_data_provider.ParameterByMethodInDataprovider"/>
</testsuite> <!-- method_parameter_in_data_provider.ParameterByMethodInDataprovider -->
